{"/Users/mateus/Projetos/farmtech/teste/app.vue": {"path":"/Users/mateus/Projetos/farmtech/teste/app.vue","all":false,"statementMap":{"0":{"start":{"line":1,"column":0},"end":{"line":1,"column":10}},"1":{"start":{"line":2,"column":0},"end":{"line":2,"column":14}}},"s":{"0":1,"1":1},"branchMap":{},"b":{},"fnMap":{},"f":{}}
,"/Users/mateus/Projetos/farmtech/teste/nuxt.config.ts": {"path":"/Users/mateus/Projetos/farmtech/teste/nuxt.config.ts","all":true,"statementMap":{},"s":{},"branchMap":{"0":{"type":"branch","line":1,"loc":{"start":{"line":1,"column":650},"end":{"line":28,"column":20}},"locations":[{"start":{"line":1,"column":650},"end":{"line":28,"column":20}}]}},"b":{"0":[1]},"fnMap":{"0":{"name":"(empty-report)","decl":{"start":{"line":1,"column":650},"end":{"line":28,"column":20}},"loc":{"start":{"line":1,"column":650},"end":{"line":28,"column":20}},"line":1}},"f":{"0":1}}
,"/Users/mateus/Projetos/farmtech/teste/tailwind.config.js": {"path":"/Users/mateus/Projetos/farmtech/teste/tailwind.config.js","all":true,"statementMap":{},"s":{},"branchMap":{"0":{"type":"branch","line":1,"loc":{"start":{"line":1,"column":0},"end":{"line":16,"column":3}},"locations":[{"start":{"line":1,"column":0},"end":{"line":16,"column":3}}]}},"b":{"0":[1]},"fnMap":{"0":{"name":"(empty-report)","decl":{"start":{"line":1,"column":0},"end":{"line":16,"column":3}},"loc":{"start":{"line":1,"column":0},"end":{"line":16,"column":3}},"line":1}},"f":{"0":1}}
,"/Users/mateus/Projetos/farmtech/teste/components/Box.vue": {"path":"/Users/mateus/Projetos/farmtech/teste/components/Box.vue","all":false,"statementMap":{"0":{"start":{"line":1,"column":0},"end":{"line":1,"column":24}},"1":{"start":{"line":2,"column":0},"end":{"line":2,"column":31}},"7":{"start":{"line":8,"column":0},"end":{"line":8,"column":64}},"8":{"start":{"line":9,"column":0},"end":{"line":9,"column":35}},"9":{"start":{"line":10,"column":0},"end":{"line":10,"column":132}},"11":{"start":{"line":12,"column":0},"end":{"line":12,"column":15}},"12":{"start":{"line":13,"column":0},"end":{"line":13,"column":8}}},"s":{"0":1,"1":1,"7":1,"8":1,"9":1,"11":1,"12":1},"branchMap":{},"b":{},"fnMap":{},"f":{}}
,"/Users/mateus/Projetos/farmtech/teste/components/DataNumbers.vue": {"path":"/Users/mateus/Projetos/farmtech/teste/components/DataNumbers.vue","all":false,"statementMap":{"0":{"start":{"line":1,"column":0},"end":{"line":1,"column":24}},"2":{"start":{"line":3,"column":0},"end":{"line":3,"column":46}},"3":{"start":{"line":4,"column":0},"end":{"line":4,"column":24}},"11":{"start":{"line":12,"column":0},"end":{"line":12,"column":77}},"12":{"start":{"line":13,"column":0},"end":{"line":13,"column":29}},"13":{"start":{"line":14,"column":0},"end":{"line":14,"column":62}},"14":{"start":{"line":15,"column":0},"end":{"line":15,"column":94}},"15":{"start":{"line":16,"column":0},"end":{"line":16,"column":10}},"16":{"start":{"line":17,"column":0},"end":{"line":17,"column":61}},"17":{"start":{"line":18,"column":0},"end":{"line":18,"column":54}},"18":{"start":{"line":19,"column":0},"end":{"line":19,"column":95}},"19":{"start":{"line":20,"column":0},"end":{"line":20,"column":10}},"20":{"start":{"line":21,"column":0},"end":{"line":21,"column":29}},"21":{"start":{"line":22,"column":0},"end":{"line":22,"column":58}},"22":{"start":{"line":23,"column":0},"end":{"line":23,"column":79}},"23":{"start":{"line":24,"column":0},"end":{"line":24,"column":10}},"24":{"start":{"line":25,"column":0},"end":{"line":25,"column":8}}},"s":{"0":1,"2":1,"3":1,"11":1,"12":1,"13":1,"14":1,"15":1,"16":1,"17":1,"18":1,"19":1,"20":1,"21":1,"22":1,"23":1,"24":1},"branchMap":{},"b":{},"fnMap":{},"f":{}}
,"/Users/mateus/Projetos/farmtech/teste/components/Filter.vue": {"path":"/Users/mateus/Projetos/farmtech/teste/components/Filter.vue","all":false,"statementMap":{"0":{"start":{"line":1,"column":0},"end":{"line":1,"column":24}},"1":{"start":{"line":2,"column":0},"end":{"line":2,"column":35}},"4":{"start":{"line":5,"column":0},"end":{"line":5,"column":26}},"7":{"start":{"line":8,"column":0},"end":{"line":8,"column":23}},"9":{"start":{"line":10,"column":0},"end":{"line":10,"column":94}},"11":{"start":{"line":12,"column":0},"end":{"line":12,"column":61}},"15":{"start":{"line":16,"column":0},"end":{"line":16,"column":7}},"16":{"start":{"line":17,"column":0},"end":{"line":17,"column":70}},"17":{"start":{"line":18,"column":0},"end":{"line":18,"column":15}},"18":{"start":{"line":19,"column":0},"end":{"line":19,"column":18}},"19":{"start":{"line":20,"column":0},"end":{"line":20,"column":29}},"20":{"start":{"line":21,"column":0},"end":{"line":21,"column":11}},"21":{"start":{"line":22,"column":0},"end":{"line":22,"column":18}},"22":{"start":{"line":23,"column":0},"end":{"line":23,"column":20}},"23":{"start":{"line":24,"column":0},"end":{"line":24,"column":18}},"24":{"start":{"line":25,"column":0},"end":{"line":25,"column":110}},"25":{"start":{"line":26,"column":0},"end":{"line":26,"column":23}},"26":{"start":{"line":27,"column":0},"end":{"line":27,"column":22}},"27":{"start":{"line":28,"column":0},"end":{"line":28,"column":21}},"28":{"start":{"line":29,"column":0},"end":{"line":29,"column":42}},"29":{"start":{"line":30,"column":0},"end":{"line":30,"column":29}},"30":{"start":{"line":31,"column":0},"end":{"line":31,"column":89}},"31":{"start":{"line":32,"column":0},"end":{"line":32,"column":15}},"32":{"start":{"line":33,"column":0},"end":{"line":33,"column":9}}},"s":{"0":1,"1":1,"4":1,"7":1,"9":1,"11":1,"15":1,"16":1,"17":1,"18":1,"19":1,"20":1,"21":1,"22":1,"23":1,"24":1,"25":1,"26":1,"27":1,"28":1,"29":1,"30":1,"31":1,"32":1},"branchMap":{},"b":{},"fnMap":{},"f":{}}
,"/Users/mateus/Projetos/farmtech/teste/components/MainContent.vue": {"path":"/Users/mateus/Projetos/farmtech/teste/components/MainContent.vue","all":false,"statementMap":{"0":{"start":{"line":1,"column":0},"end":{"line":1,"column":10}},"1":{"start":{"line":2,"column":0},"end":{"line":2,"column":112}},"2":{"start":{"line":3,"column":0},"end":{"line":3,"column":15}}},"s":{"0":1,"1":1,"2":1},"branchMap":{},"b":{},"fnMap":{},"f":{}}
,"/Users/mateus/Projetos/farmtech/teste/components/MainTitle.vue": {"path":"/Users/mateus/Projetos/farmtech/teste/components/MainTitle.vue","all":false,"statementMap":{"0":{"start":{"line":1,"column":0},"end":{"line":1,"column":10}},"1":{"start":{"line":2,"column":0},"end":{"line":2,"column":111}},"7":{"start":{"line":8,"column":0},"end":{"line":8,"column":119}}},"s":{"0":1,"1":1,"7":1},"branchMap":{},"b":{},"fnMap":{},"f":{}}
,"/Users/mateus/Projetos/farmtech/teste/components/Pagination.vue": {"path":"/Users/mateus/Projetos/farmtech/teste/components/Pagination.vue","all":false,"statementMap":{"0":{"start":{"line":1,"column":0},"end":{"line":1,"column":24}},"3":{"start":{"line":4,"column":0},"end":{"line":4,"column":26}},"10":{"start":{"line":11,"column":0},"end":{"line":11,"column":26}},"13":{"start":{"line":14,"column":0},"end":{"line":14,"column":33}},"14":{"start":{"line":15,"column":0},"end":{"line":15,"column":40}},"15":{"start":{"line":16,"column":0},"end":{"line":16,"column":25}},"16":{"start":{"line":17,"column":0},"end":{"line":17,"column":24}},"17":{"start":{"line":18,"column":0},"end":{"line":18,"column":12}},"18":{"start":{"line":19,"column":0},"end":{"line":19,"column":3}},"19":{"start":{"line":20,"column":0},"end":{"line":20,"column":36}},"20":{"start":{"line":21,"column":0},"end":{"line":21,"column":47}},"21":{"start":{"line":22,"column":0},"end":{"line":22,"column":3}},"22":{"start":{"line":23,"column":0},"end":{"line":23,"column":22}},"23":{"start":{"line":24,"column":0},"end":{"line":24,"column":1}},"24":{"start":{"line":25,"column":0},"end":{"line":25,"column":63}},"25":{"start":{"line":26,"column":0},"end":{"line":26,"column":89}},"27":{"start":{"line":28,"column":0},"end":{"line":28,"column":73}},"28":{"start":{"line":29,"column":0},"end":{"line":29,"column":18}},"29":{"start":{"line":30,"column":0},"end":{"line":30,"column":50}},"30":{"start":{"line":31,"column":0},"end":{"line":31,"column":62}},"31":{"start":{"line":32,"column":0},"end":{"line":32,"column":3}},"32":{"start":{"line":33,"column":0},"end":{"line":33,"column":35}},"34":{"start":{"line":35,"column":0},"end":{"line":35,"column":253}},"38":{"start":{"line":39,"column":0},"end":{"line":39,"column":41}},"39":{"start":{"line":40,"column":0},"end":{"line":40,"column":65}},"40":{"start":{"line":41,"column":0},"end":{"line":41,"column":76}},"41":{"start":{"line":42,"column":0},"end":{"line":42,"column":46}},"42":{"start":{"line":43,"column":0},"end":{"line":43,"column":76}},"43":{"start":{"line":44,"column":0},"end":{"line":44,"column":58}},"44":{"start":{"line":45,"column":0},"end":{"line":45,"column":19}},"45":{"start":{"line":46,"column":0},"end":{"line":46,"column":43}},"46":{"start":{"line":47,"column":0},"end":{"line":47,"column":18}},"48":{"start":{"line":49,"column":0},"end":{"line":49,"column":24}},"49":{"start":{"line":50,"column":0},"end":{"line":50,"column":36}},"52":{"start":{"line":53,"column":0},"end":{"line":53,"column":34}},"53":{"start":{"line":54,"column":0},"end":{"line":54,"column":55}},"54":{"start":{"line":55,"column":0},"end":{"line":55,"column":19}},"55":{"start":{"line":56,"column":0},"end":{"line":56,"column":20}},"56":{"start":{"line":57,"column":0},"end":{"line":57,"column":88}},"57":{"start":{"line":58,"column":0},"end":{"line":58,"column":57}},"58":{"start":{"line":59,"column":0},"end":{"line":59,"column":88}},"59":{"start":{"line":60,"column":0},"end":{"line":60,"column":56}},"60":{"start":{"line":61,"column":0},"end":{"line":61,"column":10}}},"s":{"0":0,"3":1,"10":1,"13":1,"14":1,"15":1,"16":1,"17":51,"18":7,"19":7,"20":51,"21":16,"22":51,"23":28,"24":28,"25":1,"27":1,"28":1,"29":7,"30":7,"31":33,"32":7,"34":1,"38":1,"39":1,"40":1,"41":1,"42":1,"43":1,"44":6,"45":1,"46":1,"48":1,"49":1,"52":1,"53":1,"54":1,"55":1,"56":1,"57":1,"58":1,"59":1,"60":1},"branchMap":{"0":{"type":"branch","line":17,"loc":{"start":{"line":17,"column":11},"end":{"line":25,"column":63}},"locations":[{"start":{"line":17,"column":11},"end":{"line":25,"column":63}}]},"1":{"type":"branch","line":18,"loc":{"start":{"line":18,"column":11},"end":{"line":20,"column":36}},"locations":[{"start":{"line":18,"column":11},"end":{"line":20,"column":36}}]},"2":{"type":"branch","line":20,"loc":{"start":{"line":20,"column":2},"end":{"line":21,"column":46}},"locations":[{"start":{"line":20,"column":2},"end":{"line":21,"column":46}}]},"3":{"type":"branch","line":21,"loc":{"start":{"line":21,"column":27},"end":{"line":23,"column":21}},"locations":[{"start":{"line":21,"column":27},"end":{"line":23,"column":21}}]},"4":{"type":"branch","line":23,"loc":{"start":{"line":23,"column":2},"end":{"line":25,"column":63}},"locations":[{"start":{"line":23,"column":2},"end":{"line":25,"column":63}}]},"5":{"type":"branch","line":26,"loc":{"start":{"line":26,"column":16},"end":{"line":26,"column":89}},"locations":[{"start":{"line":26,"column":16},"end":{"line":26,"column":89}}]},"6":{"type":"branch","line":28,"loc":{"start":{"line":28,"column":13},"end":{"line":28,"column":73}},"locations":[{"start":{"line":28,"column":13},"end":{"line":28,"column":73}}]},"7":{"type":"branch","line":29,"loc":{"start":{"line":29,"column":2},"end":{"line":29,"column":18}},"locations":[{"start":{"line":29,"column":2},"end":{"line":29,"column":18}}]},"8":{"type":"branch","line":29,"loc":{"start":{"line":29,"column":17},"end":{"line":29,"column":18}},"locations":[{"start":{"line":29,"column":17},"end":{"line":29,"column":18}}]},"9":{"type":"branch","line":29,"loc":{"start":{"line":29,"column":17},"end":{"line":29,"column":18}},"locations":[{"start":{"line":29,"column":17},"end":{"line":29,"column":18}}]},"10":{"type":"branch","line":29,"loc":{"start":{"line":29,"column":17},"end":{"line":35,"column":6}},"locations":[{"start":{"line":29,"column":17},"end":{"line":35,"column":6}}]},"11":{"type":"branch","line":31,"loc":{"start":{"line":31,"column":44},"end":{"line":33,"column":3}},"locations":[{"start":{"line":31,"column":44},"end":{"line":33,"column":3}}]},"12":{"type":"branch","line":43,"loc":{"start":{"line":43,"column":-1},"end":{"line":43,"column":54}},"locations":[{"start":{"line":43,"column":-1},"end":{"line":43,"column":54}}]},"13":{"type":"branch","line":42,"loc":{"start":{"line":42,"column":24},"end":{"line":42,"column":29}},"locations":[{"start":{"line":42,"column":24},"end":{"line":42,"column":29}}]},"14":{"type":"branch","line":43,"loc":{"start":{"line":43,"column":41},"end":{"line":43,"column":76}},"locations":[{"start":{"line":43,"column":41},"end":{"line":43,"column":76}}]},"15":{"type":"branch","line":45,"loc":{"start":{"line":45,"column":-1},"end":{"line":45,"column":19}},"locations":[{"start":{"line":45,"column":-1},"end":{"line":45,"column":19}}]},"16":{"type":"branch","line":44,"loc":{"start":{"line":44,"column":34},"end":{"line":44,"column":41}},"locations":[{"start":{"line":44,"column":34},"end":{"line":44,"column":41}}]},"17":{"type":"branch","line":45,"loc":{"start":{"line":45,"column":6},"end":{"line":56,"column":20}},"locations":[{"start":{"line":45,"column":6},"end":{"line":56,"column":20}}]},"18":{"type":"branch","line":59,"loc":{"start":{"line":59,"column":-1},"end":{"line":59,"column":54}},"locations":[{"start":{"line":59,"column":-1},"end":{"line":59,"column":54}}]},"19":{"type":"branch","line":58,"loc":{"start":{"line":58,"column":34},"end":{"line":58,"column":41}},"locations":[{"start":{"line":58,"column":34},"end":{"line":58,"column":41}}]},"20":{"type":"branch","line":59,"loc":{"start":{"line":59,"column":41},"end":{"line":59,"column":88}},"locations":[{"start":{"line":59,"column":41},"end":{"line":59,"column":88}}]},"21":{"type":"branch","line":60,"loc":{"start":{"line":60,"column":38},"end":{"line":60,"column":41}},"locations":[{"start":{"line":60,"column":38},"end":{"line":60,"column":41}}]},"22":{"type":"branch","line":1,"loc":{"start":{"line":1,"column":0},"end":{"line":1,"column":24}},"locations":[{"start":{"line":1,"column":0},"end":{"line":1,"column":24}}]},"23":{"type":"branch","line":42,"loc":{"start":{"line":42,"column":24},"end":{"line":42,"column":29}},"locations":[{"start":{"line":42,"column":24},"end":{"line":42,"column":29}}]},"24":{"type":"branch","line":44,"loc":{"start":{"line":44,"column":34},"end":{"line":44,"column":41}},"locations":[{"start":{"line":44,"column":34},"end":{"line":44,"column":41}}]},"25":{"type":"branch","line":1,"loc":{"start":{"line":1,"column":0},"end":{"line":1,"column":24}},"locations":[{"start":{"line":1,"column":0},"end":{"line":1,"column":24}}]},"26":{"type":"branch","line":54,"loc":{"start":{"line":54,"column":33},"end":{"line":54,"column":39}},"locations":[{"start":{"line":54,"column":33},"end":{"line":54,"column":39}}]},"27":{"type":"branch","line":58,"loc":{"start":{"line":58,"column":34},"end":{"line":58,"column":41}},"locations":[{"start":{"line":58,"column":34},"end":{"line":58,"column":41}}]},"28":{"type":"branch","line":60,"loc":{"start":{"line":60,"column":38},"end":{"line":60,"column":41}},"locations":[{"start":{"line":60,"column":38},"end":{"line":60,"column":41}}]}},"b":{"0":[51],"1":[7],"2":[44],"3":[16],"4":[28],"5":[5],"6":[44],"7":[7],"8":[7],"9":[7],"10":[7],"11":[33],"12":[6],"13":[4],"14":[1],"15":[6],"16":[4],"17":[1],"18":[5],"19":[4],"20":[2],"21":[4],"22":[2],"23":[1],"24":[1],"25":[0],"26":[1],"27":[1],"28":[1]},"fnMap":{"0":{"name":"startPage","decl":{"start":{"line":17,"column":11},"end":{"line":25,"column":63}},"loc":{"start":{"line":17,"column":11},"end":{"line":25,"column":63}},"line":17},"1":{"name":"paginate","decl":{"start":{"line":26,"column":16},"end":{"line":26,"column":89}},"loc":{"start":{"line":26,"column":16},"end":{"line":26,"column":89}},"line":26},"2":{"name":"endPage","decl":{"start":{"line":28,"column":13},"end":{"line":28,"column":73}},"loc":{"start":{"line":28,"column":13},"end":{"line":28,"column":73}},"line":28},"3":{"name":"__vite_ssr_import_1__.watch.range.value","decl":{"start":{"line":29,"column":2},"end":{"line":29,"column":18}},"loc":{"start":{"line":29,"column":2},"end":{"line":29,"column":18}},"line":29},"4":{"name":"__vite_ssr_import_1__.watch.range.value","decl":{"start":{"line":29,"column":17},"end":{"line":29,"column":18}},"loc":{"start":{"line":29,"column":17},"end":{"line":29,"column":18}},"line":29},"5":{"name":"__vite_ssr_import_1__.watch.range.value","decl":{"start":{"line":29,"column":17},"end":{"line":29,"column":18}},"loc":{"start":{"line":29,"column":17},"end":{"line":29,"column":18}},"line":29},"6":{"name":"__vite_ssr_import_1__.watch.immediate","decl":{"start":{"line":29,"column":17},"end":{"line":35,"column":6}},"loc":{"start":{"line":29,"column":17},"end":{"line":35,"column":6}},"line":29},"7":{"name":"$props.pending.__vite_ssr_import_3__.createElementBlock.$setup.data.lastPage.$setup.data.page.__vite_ssr_import_3__.createElementBlock.onClick._cache.<computed>._cache.<computed>","decl":{"start":{"line":42,"column":24},"end":{"line":42,"column":29}},"loc":{"start":{"line":42,"column":24},"end":{"line":42,"column":29}},"line":42},"8":{"name":"$props.pending.__vite_ssr_import_3__.createElementBlock.$setup.data.lastPage.$setup.data.page.__vite_ssr_import_3__.createElementBlock.onClick._cache.<computed>._cache.<computed>","decl":{"start":{"line":44,"column":34},"end":{"line":44,"column":41}},"loc":{"start":{"line":44,"column":34},"end":{"line":44,"column":41}},"line":44},"9":{"name":"onClick","decl":{"start":{"line":54,"column":33},"end":{"line":54,"column":39}},"loc":{"start":{"line":54,"column":33},"end":{"line":54,"column":39}},"line":54},"10":{"name":"$props.pending.__vite_ssr_import_3__.createElementBlock.$setup.data.lastPage.$setup.data.page.$setup.data.lastPage.__vite_ssr_import_3__.createElementBlock.onClick._cache.<computed>._cache.<computed>","decl":{"start":{"line":58,"column":34},"end":{"line":58,"column":41}},"loc":{"start":{"line":58,"column":34},"end":{"line":58,"column":41}},"line":58},"11":{"name":"$props.pending.__vite_ssr_import_3__.createElementBlock.$setup.data.lastPage.$setup.data.page.$setup.data.lastPage.__vite_ssr_import_3__.createElementBlock.onClick._cache.<computed>._cache.<computed>","decl":{"start":{"line":60,"column":38},"end":{"line":60,"column":41}},"loc":{"start":{"line":60,"column":38},"end":{"line":60,"column":41}},"line":60}},"f":{"0":51,"1":5,"2":44,"3":7,"4":7,"5":7,"6":7,"7":1,"8":1,"9":1,"10":1,"11":1}}
,"/Users/mateus/Projetos/farmtech/teste/components/Tabs.vue": {"path":"/Users/mateus/Projetos/farmtech/teste/components/Tabs.vue","all":false,"statementMap":{"0":{"start":{"line":1,"column":0},"end":{"line":1,"column":24}},"2":{"start":{"line":3,"column":0},"end":{"line":3,"column":33}},"3":{"start":{"line":4,"column":0},"end":{"line":4,"column":26}},"7":{"start":{"line":8,"column":0},"end":{"line":8,"column":57}},"11":{"start":{"line":12,"column":0},"end":{"line":12,"column":63}},"12":{"start":{"line":13,"column":0},"end":{"line":13,"column":12}},"13":{"start":{"line":14,"column":0},"end":{"line":14,"column":20}},"14":{"start":{"line":15,"column":0},"end":{"line":15,"column":28}},"15":{"start":{"line":16,"column":0},"end":{"line":16,"column":15}},"18":{"start":{"line":19,"column":0},"end":{"line":19,"column":23}},"19":{"start":{"line":20,"column":0},"end":{"line":20,"column":57}},"22":{"start":{"line":23,"column":0},"end":{"line":23,"column":24}},"23":{"start":{"line":24,"column":0},"end":{"line":24,"column":8}}},"s":{"0":1,"2":1,"3":1,"7":1,"11":1,"12":1,"13":1,"14":1,"15":1,"18":1,"19":1,"22":1,"23":1},"branchMap":{},"b":{},"fnMap":{},"f":{}}
,"/Users/mateus/Projetos/farmtech/teste/composables/useChartOptions.ts": {"path":"/Users/mateus/Projetos/farmtech/teste/composables/useChartOptions.ts","all":false,"statementMap":{"0":{"start":{"line":1,"column":0},"end":{"line":1,"column":51}},"1":{"start":{"line":2,"column":0},"end":{"line":2,"column":66}},"2":{"start":{"line":3,"column":0},"end":{"line":3,"column":23}},"3":{"start":{"line":4,"column":0},"end":{"line":4,"column":12}},"4":{"start":{"line":5,"column":0},"end":{"line":5,"column":18}},"5":{"start":{"line":6,"column":0},"end":{"line":6,"column":18}},"6":{"start":{"line":7,"column":0},"end":{"line":7,"column":19}},"7":{"start":{"line":8,"column":0},"end":{"line":8,"column":22}},"8":{"start":{"line":9,"column":0},"end":{"line":9,"column":27}},"9":{"start":{"line":10,"column":0},"end":{"line":10,"column":24}},"10":{"start":{"line":11,"column":0},"end":{"line":11,"column":20}},"11":{"start":{"line":12,"column":0},"end":{"line":12,"column":9}},"12":{"start":{"line":13,"column":0},"end":{"line":13,"column":7}},"13":{"start":{"line":14,"column":0},"end":{"line":14,"column":6}},"14":{"start":{"line":15,"column":0},"end":{"line":15,"column":18}},"15":{"start":{"line":16,"column":0},"end":{"line":16,"column":12}},"16":{"start":{"line":17,"column":0},"end":{"line":17,"column":26}},"17":{"start":{"line":18,"column":0},"end":{"line":18,"column":27}},"18":{"start":{"line":19,"column":0},"end":{"line":19,"column":30}},"19":{"start":{"line":20,"column":0},"end":{"line":20,"column":8}},"20":{"start":{"line":21,"column":0},"end":{"line":21,"column":6}},"21":{"start":{"line":22,"column":0},"end":{"line":22,"column":17}},"22":{"start":{"line":23,"column":0},"end":{"line":23,"column":20}},"23":{"start":{"line":24,"column":0},"end":{"line":24,"column":6}},"24":{"start":{"line":25,"column":0},"end":{"line":25,"column":11}},"25":{"start":{"line":26,"column":0},"end":{"line":26,"column":13}},"26":{"start":{"line":27,"column":0},"end":{"line":27,"column":17}},"27":{"start":{"line":28,"column":0},"end":{"line":28,"column":15}},"28":{"start":{"line":29,"column":0},"end":{"line":29,"column":29}},"29":{"start":{"line":30,"column":0},"end":{"line":30,"column":6}},"30":{"start":{"line":31,"column":0},"end":{"line":31,"column":12}},"31":{"start":{"line":32,"column":0},"end":{"line":32,"column":33}},"32":{"start":{"line":33,"column":0},"end":{"line":33,"column":6}},"33":{"start":{"line":34,"column":0},"end":{"line":34,"column":11}},"34":{"start":{"line":35,"column":0},"end":{"line":35,"column":16}},"35":{"start":{"line":36,"column":0},"end":{"line":36,"column":6}},"36":{"start":{"line":37,"column":0},"end":{"line":37,"column":14}},"37":{"start":{"line":38,"column":0},"end":{"line":38,"column":10}},"38":{"start":{"line":39,"column":0},"end":{"line":39,"column":53}},"39":{"start":{"line":40,"column":0},"end":{"line":40,"column":7}},"40":{"start":{"line":41,"column":0},"end":{"line":41,"column":6}},"41":{"start":{"line":42,"column":0},"end":{"line":42,"column":12}},"42":{"start":{"line":43,"column":0},"end":{"line":43,"column":15}},"43":{"start":{"line":44,"column":0},"end":{"line":44,"column":58}},"44":{"start":{"line":45,"column":0},"end":{"line":45,"column":7}},"45":{"start":{"line":46,"column":0},"end":{"line":46,"column":6}},"46":{"start":{"line":47,"column":0},"end":{"line":47,"column":4}},"48":{"start":{"line":49,"column":0},"end":{"line":49,"column":10}},"49":{"start":{"line":50,"column":0},"end":{"line":50,"column":11}},"50":{"start":{"line":51,"column":0},"end":{"line":51,"column":3}},"51":{"start":{"line":52,"column":0},"end":{"line":52,"column":1}}},"s":{"0":1,"1":3,"2":3,"3":3,"4":3,"5":3,"6":3,"7":3,"8":3,"9":3,"10":3,"11":3,"12":3,"13":3,"14":3,"15":3,"16":3,"17":3,"18":3,"19":3,"20":3,"21":3,"22":3,"23":3,"24":3,"25":3,"26":3,"27":3,"28":3,"29":3,"30":3,"31":3,"32":3,"33":3,"34":3,"35":3,"36":3,"37":3,"38":3,"39":3,"40":3,"41":3,"42":3,"43":3,"44":3,"45":3,"46":3,"48":3,"49":3,"50":3,"51":3},"branchMap":{"0":{"type":"branch","line":1,"loc":{"start":{"line":1,"column":7},"end":{"line":52,"column":1}},"locations":[{"start":{"line":1,"column":7},"end":{"line":52,"column":1}}]},"1":{"type":"branch","line":39,"loc":{"start":{"line":39,"column":19},"end":{"line":39,"column":53}},"locations":[{"start":{"line":39,"column":19},"end":{"line":39,"column":53}}]},"2":{"type":"branch","line":44,"loc":{"start":{"line":44,"column":19},"end":{"line":44,"column":58}},"locations":[{"start":{"line":44,"column":19},"end":{"line":44,"column":58}}]}},"b":{"0":[3],"1":[1],"2":[1]},"fnMap":{"0":{"name":"useChartOptions","decl":{"start":{"line":1,"column":7},"end":{"line":52,"column":1}},"loc":{"start":{"line":1,"column":7},"end":{"line":52,"column":1}},"line":1},"1":{"name":"formatter","decl":{"start":{"line":39,"column":19},"end":{"line":39,"column":53}},"loc":{"start":{"line":39,"column":19},"end":{"line":39,"column":53}},"line":39},"2":{"name":"formatter","decl":{"start":{"line":44,"column":19},"end":{"line":44,"column":58}},"loc":{"start":{"line":44,"column":19},"end":{"line":44,"column":58}},"line":44}},"f":{"0":3,"1":1,"2":1}}
,"/Users/mateus/Projetos/farmtech/teste/composables/useNumberFormat.ts": {"path":"/Users/mateus/Projetos/farmtech/teste/composables/useNumberFormat.ts","all":false,"statementMap":{"0":{"start":{"line":1,"column":0},"end":{"line":1,"column":38}},"1":{"start":{"line":2,"column":0},"end":{"line":2,"column":44}},"2":{"start":{"line":3,"column":0},"end":{"line":3,"column":37}},"3":{"start":{"line":4,"column":0},"end":{"line":4,"column":17}},"4":{"start":{"line":5,"column":0},"end":{"line":5,"column":5}},"5":{"start":{"line":6,"column":0},"end":{"line":6,"column":56}},"6":{"start":{"line":7,"column":0},"end":{"line":7,"column":3}},"8":{"start":{"line":9,"column":0},"end":{"line":9,"column":57}},"9":{"start":{"line":10,"column":0},"end":{"line":10,"column":45}},"11":{"start":{"line":12,"column":0},"end":{"line":12,"column":32}},"13":{"start":{"line":14,"column":0},"end":{"line":14,"column":66}},"14":{"start":{"line":15,"column":0},"end":{"line":15,"column":38}},"15":{"start":{"line":16,"column":0},"end":{"line":16,"column":53}},"16":{"start":{"line":17,"column":0},"end":{"line":17,"column":48}},"18":{"start":{"line":19,"column":0},"end":{"line":19,"column":77}},"19":{"start":{"line":20,"column":0},"end":{"line":20,"column":3}},"21":{"start":{"line":22,"column":0},"end":{"line":22,"column":10}},"22":{"start":{"line":23,"column":0},"end":{"line":23,"column":17}},"23":{"start":{"line":24,"column":0},"end":{"line":24,"column":21}},"24":{"start":{"line":25,"column":0},"end":{"line":25,"column":3}},"25":{"start":{"line":26,"column":0},"end":{"line":26,"column":1}}},"s":{"0":1,"1":8,"2":3,"3":1,"4":1,"5":2,"6":3,"8":8,"9":5,"11":5,"13":4,"14":4,"15":4,"16":4,"18":5,"19":5,"21":8,"22":8,"23":8,"24":8,"25":8},"branchMap":{"0":{"type":"branch","line":1,"loc":{"start":{"line":1,"column":7},"end":{"line":26,"column":1}},"locations":[{"start":{"line":1,"column":7},"end":{"line":26,"column":1}}]},"1":{"type":"branch","line":2,"loc":{"start":{"line":2,"column":23},"end":{"line":7,"column":3}},"locations":[{"start":{"line":2,"column":23},"end":{"line":7,"column":3}}]},"2":{"type":"branch","line":3,"loc":{"start":{"line":3,"column":36},"end":{"line":6,"column":56}},"locations":[{"start":{"line":3,"column":36},"end":{"line":6,"column":56}}]},"3":{"type":"branch","line":3,"loc":{"start":{"line":3,"column":36},"end":{"line":5,"column":5}},"locations":[{"start":{"line":3,"column":36},"end":{"line":5,"column":5}}]},"4":{"type":"branch","line":9,"loc":{"start":{"line":9,"column":28},"end":{"line":20,"column":3}},"locations":[{"start":{"line":9,"column":28},"end":{"line":20,"column":3}}]},"5":{"type":"branch","line":12,"loc":{"start":{"line":12,"column":22},"end":{"line":12,"column":32}},"locations":[{"start":{"line":12,"column":22},"end":{"line":12,"column":32}}]},"6":{"type":"branch","line":12,"loc":{"start":{"line":12,"column":29},"end":{"line":19,"column":31}},"locations":[{"start":{"line":12,"column":29},"end":{"line":19,"column":31}}]},"7":{"type":"branch","line":19,"loc":{"start":{"line":19,"column":27},"end":{"line":19,"column":50}},"locations":[{"start":{"line":19,"column":27},"end":{"line":19,"column":50}}]},"8":{"type":"branch","line":19,"loc":{"start":{"line":19,"column":41},"end":{"line":19,"column":77}},"locations":[{"start":{"line":19,"column":41},"end":{"line":19,"column":77}}]}},"b":{"0":[8],"1":[3],"2":[2],"3":[1],"4":[5],"5":[1],"6":[4],"7":[3],"8":[1]},"fnMap":{"0":{"name":"useNumberFormatter","decl":{"start":{"line":1,"column":7},"end":{"line":26,"column":1}},"loc":{"start":{"line":1,"column":7},"end":{"line":26,"column":1}},"line":1},"1":{"name":"formatNumber","decl":{"start":{"line":2,"column":23},"end":{"line":7,"column":3}},"loc":{"start":{"line":2,"column":23},"end":{"line":7,"column":3}},"line":2},"2":{"name":"formatLargeNumber","decl":{"start":{"line":9,"column":28},"end":{"line":20,"column":3}},"loc":{"start":{"line":9,"column":28},"end":{"line":20,"column":3}},"line":9}},"f":{"0":8,"1":3,"2":5}}
,"/Users/mateus/Projetos/farmtech/teste/layouts/default.vue": {"path":"/Users/mateus/Projetos/farmtech/teste/layouts/default.vue","all":false,"statementMap":{"0":{"start":{"line":1,"column":0},"end":{"line":1,"column":10}},"1":{"start":{"line":2,"column":0},"end":{"line":2,"column":68}},"5":{"start":{"line":6,"column":0},"end":{"line":6,"column":26}},"12":{"start":{"line":13,"column":0},"end":{"line":13,"column":31}},"21":{"start":{"line":22,"column":0},"end":{"line":22,"column":31}},"22":{"start":{"line":23,"column":0},"end":{"line":23,"column":14}},"23":{"start":{"line":24,"column":0},"end":{"line":24,"column":11}}},"s":{"0":1,"1":1,"5":1,"12":1,"21":1,"22":1,"23":1},"branchMap":{},"b":{},"fnMap":{},"f":{}}
,"/Users/mateus/Projetos/farmtech/teste/pages/index.vue": {"path":"/Users/mateus/Projetos/farmtech/teste/pages/index.vue","all":false,"statementMap":{"0":{"start":{"line":1,"column":0},"end":{"line":1,"column":0}},"1":{"start":{"line":2,"column":0},"end":{"line":2,"column":29}},"2":{"start":{"line":3,"column":0},"end":{"line":3,"column":31}}},"s":{"0":1,"1":1,"2":1},"branchMap":{},"b":{},"fnMap":{},"f":{}}
,"/Users/mateus/Projetos/farmtech/teste/plugins/apexcharts.client.ts": {"path":"/Users/mateus/Projetos/farmtech/teste/plugins/apexcharts.client.ts","all":false,"statementMap":{"0":{"start":{"line":1,"column":0},"end":{"line":1,"column":43}},"1":{"start":{"line":2,"column":0},"end":{"line":2,"column":46}},"2":{"start":{"line":3,"column":0},"end":{"line":3,"column":35}},"3":{"start":{"line":4,"column":0},"end":{"line":4,"column":54}},"4":{"start":{"line":5,"column":0},"end":{"line":5,"column":2}}},"s":{"0":1,"1":1,"2":7,"3":7,"4":7},"branchMap":{"0":{"type":"branch","line":2,"loc":{"start":{"line":2,"column":32},"end":{"line":5,"column":2}},"locations":[{"start":{"line":2,"column":32},"end":{"line":5,"column":2}}]}},"b":{"0":[7]},"fnMap":{},"f":{}}
,"/Users/mateus/Projetos/farmtech/teste/server/api/countries.ts": {"path":"/Users/mateus/Projetos/farmtech/teste/server/api/countries.ts","all":true,"statementMap":{"0":{"start":{"line":1,"column":0},"end":{"line":1,"column":53}},"1":{"start":{"line":2,"column":0},"end":{"line":2,"column":74}},"3":{"start":{"line":4,"column":0},"end":{"line":4,"column":13}},"4":{"start":{"line":5,"column":0},"end":{"line":5,"column":4}},"5":{"start":{"line":6,"column":0},"end":{"line":6,"column":23}},"6":{"start":{"line":7,"column":0},"end":{"line":7,"column":23}},"7":{"start":{"line":8,"column":0},"end":{"line":8,"column":2}}},"s":{"0":0,"1":0,"3":0,"4":0,"5":0,"6":0,"7":0},"branchMap":{"0":{"type":"branch","line":1,"loc":{"start":{"line":1,"column":0},"end":{"line":8,"column":-1}},"locations":[{"start":{"line":1,"column":0},"end":{"line":8,"column":-1}}]}},"b":{"0":[0]},"fnMap":{"0":{"name":"(empty-report)","decl":{"start":{"line":1,"column":0},"end":{"line":8,"column":-1}},"loc":{"start":{"line":1,"column":0},"end":{"line":8,"column":-1}},"line":1}},"f":{"0":0}}
,"/Users/mateus/Projetos/farmtech/teste/server/api/top_five.ts": {"path":"/Users/mateus/Projetos/farmtech/teste/server/api/top_five.ts","all":true,"statementMap":{"0":{"start":{"line":1,"column":0},"end":{"line":1,"column":43}},"2":{"start":{"line":3,"column":0},"end":{"line":3,"column":53}},"3":{"start":{"line":4,"column":0},"end":{"line":4,"column":52}},"4":{"start":{"line":5,"column":0},"end":{"line":5,"column":94}},"5":{"start":{"line":6,"column":0},"end":{"line":6,"column":94}},"6":{"start":{"line":7,"column":0},"end":{"line":7,"column":94}},"7":{"start":{"line":8,"column":0},"end":{"line":8,"column":94}},"8":{"start":{"line":9,"column":0},"end":{"line":9,"column":94}},"10":{"start":{"line":11,"column":0},"end":{"line":11,"column":16}},"11":{"start":{"line":12,"column":0},"end":{"line":12,"column":36}},"12":{"start":{"line":13,"column":0},"end":{"line":13,"column":36}},"13":{"start":{"line":14,"column":0},"end":{"line":14,"column":36}},"14":{"start":{"line":15,"column":0},"end":{"line":15,"column":36}},"15":{"start":{"line":16,"column":0},"end":{"line":16,"column":35}},"16":{"start":{"line":17,"column":0},"end":{"line":17,"column":3}},"18":{"start":{"line":19,"column":0},"end":{"line":19,"column":13}},"19":{"start":{"line":20,"column":0},"end":{"line":20,"column":4}},"20":{"start":{"line":21,"column":0},"end":{"line":21,"column":23}},"21":{"start":{"line":22,"column":0},"end":{"line":22,"column":18}},"22":{"start":{"line":23,"column":0},"end":{"line":23,"column":2}}},"s":{"0":0,"2":0,"3":0,"4":0,"5":0,"6":0,"7":0,"8":0,"10":0,"11":0,"12":0,"13":0,"14":0,"15":0,"16":0,"18":0,"19":0,"20":0,"21":0,"22":0},"branchMap":{"0":{"type":"branch","line":1,"loc":{"start":{"line":1,"column":898},"end":{"line":23,"column":2}},"locations":[{"start":{"line":1,"column":898},"end":{"line":23,"column":2}}]}},"b":{"0":[0]},"fnMap":{"0":{"name":"(empty-report)","decl":{"start":{"line":1,"column":898},"end":{"line":23,"column":2}},"loc":{"start":{"line":1,"column":898},"end":{"line":23,"column":2}},"line":1}},"f":{"0":0}}
,"/Users/mateus/Projetos/farmtech/teste/utils/types.ts": {"path":"/Users/mateus/Projetos/farmtech/teste/utils/types.ts","all":true,"statementMap":{},"s":{},"branchMap":{"0":{"type":"branch","line":1,"loc":{"start":{"line":1,"column":991},"end":{"line":57,"column":1}},"locations":[{"start":{"line":1,"column":991},"end":{"line":57,"column":1}}]}},"b":{"0":[1]},"fnMap":{"0":{"name":"(empty-report)","decl":{"start":{"line":1,"column":991},"end":{"line":57,"column":1}},"loc":{"start":{"line":1,"column":991},"end":{"line":57,"column":1}},"line":1}},"f":{"0":1}}
}
